Flow report for ask_rcv
<<<<<<< HEAD
Tue Mar 17 15:35:38 2020
=======
Mon Mar 02 10:59:39 2020
>>>>>>> 38a65153459fc010853102e33625ae1b7515ffd2
Quartus II 64-Bit Version 13.0.1 Build 232 06/12/2013 Service Pack 1 SJ Web Edition


---------------------
; Table of Contents ;
---------------------
  1. Legal Notice
  2. Flow Summary
  3. Flow Settings
  4. Flow Non-Default Global Settings
  5. Flow Elapsed Time
  6. Flow OS Summary
  7. Flow Log
  8. Flow Messages
  9. Flow Suppressed Messages



----------------
; Legal Notice ;
----------------
Copyright (C) 1991-2013 Altera Corporation
Your use of Altera Corporation's design tools, logic functions 
and other software and tools, and its AMPP partner logic 
functions, and any output files from any of the foregoing 
(including device programming or simulation files), and any 
associated documentation or information are expressly subject 
to the terms and conditions of the Altera Program License 
Subscription Agreement, Altera MegaCore Function License 
Agreement, or other applicable license agreement, including, 
without limitation, that your use is for the sole purpose of 
programming logic devices manufactured by Altera and sold by 
Altera or its authorized distributors.  Please refer to the 
applicable agreement for further details.



+--------------------------------------------------------------------------------------+
; Flow Summary                                                                         ;
+------------------------------------+-------------------------------------------------+
<<<<<<< HEAD
; Flow Status                        ; Successful - Tue Mar 17 15:35:38 2020           ;
=======
; Flow Status                        ; Successful - Mon Mar 02 10:59:39 2020           ;
>>>>>>> 38a65153459fc010853102e33625ae1b7515ffd2
; Quartus II 64-Bit Version          ; 13.0.1 Build 232 06/12/2013 SP 1 SJ Web Edition ;
; Revision Name                      ; ask_rcv                                         ;
; Top-level Entity Name              ; ask_rcv                                         ;
; Family                             ; Cyclone II                                      ;
; Device                             ; EP2C5T144C6                                     ;
; Timing Models                      ; Final                                           ;
<<<<<<< HEAD
; Total logic elements               ; 126 / 4,608 ( 3 % )                             ;
;     Total combinational functions  ; 84 / 4,608 ( 2 % )                              ;
;     Dedicated logic registers      ; 68 / 4,608 ( 1 % )                              ;
; Total registers                    ; 68                                              ;
=======
; Total logic elements               ; 127 / 4,608 ( 3 % )                             ;
;     Total combinational functions  ; 89 / 4,608 ( 2 % )                              ;
;     Dedicated logic registers      ; 69 / 4,608 ( 1 % )                              ;
; Total registers                    ; 69                                              ;
>>>>>>> 38a65153459fc010853102e33625ae1b7515ffd2
; Total pins                         ; 13 / 89 ( 15 % )                                ;
; Total virtual pins                 ; 0                                               ;
; Total memory bits                  ; 0 / 119,808 ( 0 % )                             ;
; Embedded Multiplier 9-bit elements ; 0 / 26 ( 0 % )                                  ;
; Total PLLs                         ; 0 / 2 ( 0 % )                                   ;
+------------------------------------+-------------------------------------------------+


+-----------------------------------------+
; Flow Settings                           ;
+-------------------+---------------------+
; Option            ; Setting             ;
+-------------------+---------------------+
<<<<<<< HEAD
; Start date & time ; 03/17/2020 15:35:30 ;
=======
; Start date & time ; 03/02/2020 10:59:32 ;
>>>>>>> 38a65153459fc010853102e33625ae1b7515ffd2
; Main task         ; Compilation         ;
; Revision Name     ; ask_rcv             ;
+-------------------+---------------------+


+---------------------------------------------------------------------------------------------------------------------------+
; Flow Non-Default Global Settings                                                                                          ;
+-------------------------------------+--------------------------------+---------------+-------------+----------------------+
; Assignment Name                     ; Value                          ; Default Value ; Entity Name ; Section Id           ;
+-------------------------------------+--------------------------------+---------------+-------------+----------------------+
<<<<<<< HEAD
; COMPILER_SIGNATURE_ID               ; 18016935468448.158444853012656 ; --            ; --          ; --                   ;
=======
; COMPILER_SIGNATURE_ID               ; 18016935468448.158313597116032 ; --            ; --          ; --                   ;
>>>>>>> 38a65153459fc010853102e33625ae1b7515ffd2
; EDA_DESIGN_ENTRY_SYNTHESIS_TOOL     ; Design Compiler                ; <None>        ; --          ; --                   ;
; EDA_GENERATE_FUNCTIONAL_NETLIST     ; On                             ; --            ; --          ; eda_simulation       ;
; EDA_INPUT_DATA_FORMAT               ; Verilog Hdl                    ; --            ; --          ; eda_design_synthesis ;
; EDA_INPUT_VCC_NAME                  ; Vdd                            ; --            ; --          ; eda_design_synthesis ;
; EDA_LMF_FILE                        ; altsyn.lmf                     ; --            ; --          ; eda_design_synthesis ;
; EDA_OUTPUT_DATA_FORMAT              ; Verilog Hdl                    ; --            ; --          ; eda_simulation       ;
; EDA_SIMULATION_TOOL                 ; ModelSim-Altera (Verilog)      ; <None>        ; --          ; --                   ;
; EDA_TIME_SCALE                      ; 1 ps                           ; --            ; --          ; eda_simulation       ;
; MAX_CORE_JUNCTION_TEMP              ; 85                             ; --            ; --          ; --                   ;
; MIN_CORE_JUNCTION_TEMP              ; 0                              ; --            ; --          ; --                   ;
; PARTITION_COLOR                     ; 16764057                       ; --            ; --          ; Top                  ;
; PARTITION_FITTER_PRESERVATION_LEVEL ; PLACEMENT_AND_ROUTING          ; --            ; --          ; Top                  ;
; PARTITION_NETLIST_TYPE              ; SOURCE                         ; --            ; --          ; Top                  ;
; PROJECT_OUTPUT_DIRECTORY            ; output_files                   ; --            ; --          ; --                   ;
; VERILOG_INPUT_VERSION               ; SystemVerilog_2005             ; Verilog_2001  ; --          ; --                   ;
; VERILOG_SHOW_LMF_MAPPING_MESSAGES   ; Off                            ; --            ; --          ; --                   ;
+-------------------------------------+--------------------------------+---------------+-------------+----------------------+


+-------------------------------------------------------------------------------------------------------------------------------+
; Flow Elapsed Time                                                                                                             ;
+---------------------------+--------------+-------------------------+---------------------+------------------------------------+
; Module Name               ; Elapsed Time ; Average Processors Used ; Peak Virtual Memory ; Total CPU Time (on all processors) ;
+---------------------------+--------------+-------------------------+---------------------+------------------------------------+
; Analysis & Synthesis      ; 00:00:01     ; 1.0                     ; 4590 MB             ; 00:00:01                           ;
; Fitter                    ; 00:00:02     ; 1.0                     ; 4805 MB             ; 00:00:02                           ;
; Assembler                 ; 00:00:00     ; 1.0                     ; 4545 MB             ; 00:00:01                           ;
<<<<<<< HEAD
; TimeQuest Timing Analyzer ; 00:00:01     ; 1.0                     ; 4542 MB             ; 00:00:01                           ;
; EDA Netlist Writer        ; 00:00:00     ; 1.0                     ; 4515 MB             ; 00:00:00                           ;
=======
; TimeQuest Timing Analyzer ; 00:00:01     ; 1.0                     ; 4543 MB             ; 00:00:01                           ;
; EDA Netlist Writer        ; 00:00:00     ; 1.0                     ; 4520 MB             ; 00:00:00                           ;
>>>>>>> 38a65153459fc010853102e33625ae1b7515ffd2
; Total                     ; 00:00:04     ; --                      ; --                  ; 00:00:05                           ;
+---------------------------+--------------+-------------------------+---------------------+------------------------------------+


+----------------------------------------------------------------------------------------+
; Flow OS Summary                                                                        ;
+---------------------------+------------------+-----------+------------+----------------+
; Module Name               ; Machine Hostname ; OS Name   ; OS Version ; Processor type ;
+---------------------------+------------------+-----------+------------+----------------+
; Analysis & Synthesis      ; petrenko-a       ; Windows 7 ; 6.2        ; x86_64         ;
; Fitter                    ; petrenko-a       ; Windows 7 ; 6.2        ; x86_64         ;
; Assembler                 ; petrenko-a       ; Windows 7 ; 6.2        ; x86_64         ;
; TimeQuest Timing Analyzer ; petrenko-a       ; Windows 7 ; 6.2        ; x86_64         ;
; EDA Netlist Writer        ; petrenko-a       ; Windows 7 ; 6.2        ; x86_64         ;
+---------------------------+------------------+-----------+------------+----------------+


------------
; Flow Log ;
------------
quartus_map --read_settings_files=on --write_settings_files=off ask_rcv -c ask_rcv
quartus_fit --read_settings_files=off --write_settings_files=off ask_rcv -c ask_rcv
quartus_asm --read_settings_files=off --write_settings_files=off ask_rcv -c ask_rcv
quartus_sta ask_rcv -c ask_rcv
quartus_eda --read_settings_files=off --write_settings_files=off ask_rcv -c ask_rcv



